25/12 22:44:55 [CONNECTED]User 'system' connected successfully
25/12 22:45:01 User 'system' try to start thread 'TServer'
25/12 22:45:01 [STARTED]TServer started
25/12 22:45:10 [DISCONNECTED]User 'system' disconnected
26/12 02:06:00 [CONNECTED]User 'system' connected successfully
26/12 02:06:04 User 'system' try to start thread 'TServer'
26/12 02:06:05 [STARTED]TServer started
26/12 02:06:11 [DISCONNECTED]User 'system' disconnected
26/12 02:06:58 [CONNECTED]User 'system' connected successfully
26/12 02:07:02 User 'system' try to start thread 'TServer'
26/12 02:07:03 [STARTED]TServer started
26/12 02:07:06 [DISCONNECTED]User 'system' disconnected
26/12 02:27:22 Server Stopped
26/12 02:28:36 Server Stopped
26/12 02:30:01 Server Stopped
26/12 02:30:44 Server Stopped
26/12 02:31:38 Server Stopped
26/12 02:32:05 Server Stopped
26/12 02:33:08 [CONNECTED]User 'system' connected successfully
26/12 02:33:52 [CONNECTED]User 'system' connected successfully
26/12 02:34:22 [CONNECTED]User 'system' connected successfully
26/12 02:35:02 [CONNECTED]User 'system' connected successfully
26/12 02:41:09 Server Stopped
26/12 02:41:28 Server Stopped
26/12 02:42:43 Server Stopped
26/12 02:43:19 Server Stopped
26/12 02:43:58 [CONNECTED]User 'system' connected successfully
26/12 02:44:59 Server Stopped
26/12 02:45:36 Server Stopped
26/12 02:45:58 [CONNECTED]User 'system' connected successfully
26/12 02:46:02 User 'system' try to start thread 'TServer'
26/12 02:46:02 [STARTED]TServer started
26/12 02:56:36 [CONNECTED]User 'system' connected successfully
26/12 02:56:40 User 'system' try to start thread 'TServer'
26/12 02:56:41 [STARTED]TServer started
26/12 02:56:44 [DISCONNECTED]User 'system' disconnected
